#
# There is insufficient memory for the Java Runtime Environment to continue.
# Native memory allocation (malloc) failed to allocate 532576 bytes for Chunk::new
# Possible reasons:
#   The system is out of physical RAM or swap space
#   The process is running with CompressedOops enabled, and the Java Heap may be blocking the growth of the native heap
# Possible solutions:
#   Reduce memory load on the system
#   Increase physical memory or swap space
#   Check if swap backing store is full
#   Decrease Java heap size (-Xmx/-Xms)
#   Decrease number of Java threads
#   Decrease Java thread stack sizes (-Xss)
#   Set larger code cache with -XX:ReservedCodeCacheSize=
#   JVM is running with Unscaled Compressed Oops mode in which the Java heap is
#     placed in the first 4GB address space. The Java Heap base address is the
#     maximum limit for the native heap growth. Please use -XX:HeapBaseMinAddress
#     to set the Java Heap base and to place the Java Heap above 4GB virtual address.
# This output file may be truncated or incomplete.
#
#  Out of Memory Error (t:/workspace/open/src/hotspot/share/memory/arena.cpp:197), pid=1664, tid=15100
#
# JRE version: OpenJDK Runtime Environment (11.0.1+13) (build 11.0.1+13)
# Java VM: OpenJDK 64-Bit Server VM (11.0.1+13, mixed mode, tiered, compressed oops, g1 gc, windows-amd64)
# No core dump will be written. Minidumps are not enabled by default on client versions of Windows
#

---------------  S U M M A R Y ------------

Command Line: -agentlib:jdwp=transport=dt_socket,server=n,suspend=y,address=localhost:64445 com.ve.ve.VenteEnchere

Host: 11th Gen Intel(R) Core(TM) i5-1135G7 @ 2.40GHz, 8 cores, 7G,  Windows 10 , 64 bit Build 19041 (10.0.19041.1889)
Time: Thu Feb  2 11:10:33 2023 Arabie  elapsed time: 14746 seconds (0d 4h 5m 46s)

---------------  T H R E A D  ---------------

Current thread (0x000002341521d000):  JavaThread "C2 CompilerThread0" daemon [_thread_in_native, id=15100, stack(0x000000db7d500000,0x000000db7d600000)]


Current CompileTask:
C2:14746264 20712   !   4       org.apache.catalina.connector.CoyoteAdapter::postParseRequest (1106 bytes)

Stack: [0x000000db7d500000,0x000000db7d600000]
Native frames: (J=compiled Java code, j=interpreted, Vv=VM code, C=native code)
V  [jvm.dll+0x63ad9a]
V  [jvm.dll+0x77851f]
V  [jvm.dll+0x779b08]
V  [jvm.dll+0x77a1c3]
V  [jvm.dll+0x2624c8]
V  [jvm.dll+0xc5b61]
V  [jvm.dll+0xc60fc]
V  [jvm.dll+0x2d0c84]
V  [jvm.dll+0x552cff]
V  [jvm.dll+0x21e4af]
V  [jvm.dll+0x21b3e6]
V  [jvm.dll+0x198400]
V  [jvm.dll+0x22a4ff]
V  [jvm.dll+0x228b18]
V  [jvm.dll+0x73dc2d]
V  [jvm.dll+0x639e32]
C  [ucrtbase.dll+0x21bb2]
C  [KERNEL32.DLL+0x17034]
C  [ntdll.dll+0x526a1]


---------------  P R O C E S S  ---------------

Threads class SMR info:
_java_thread_list=0x00000234176b0b20, length=37, elements={
0x00000234151d0800, 0x00000234151fc000, 0x0000023415ba3000, 0x000002341521b000,
0x000002341521d000, 0x000002341521e000, 0x0000023415b56800, 0x0000023415e6a000,
0x0000023415e6d000, 0x0000023415e75000, 0x0000023415e80800, 0x0000023415e88000,
0x000002341ab14800, 0x000002341e026800, 0x000002341fb24800, 0x000002341fb28000,
0x000002341fb25800, 0x000002341fb26800, 0x000002341fb24000, 0x000002341fb2a800,
0x000002341fb2b800, 0x000002341fb2d000, 0x000002341fb27000, 0x000002341fb2e800,
0x000002341fb2f800, 0x000002341fb30000, 0x000002341fb32000, 0x000002341fb31000,
0x000002341e022800, 0x000002341e023800, 0x000002341e024000, 0x000002341e025000,
0x000002341e029000, 0x000002341e026000, 0x000002341e028800, 0x0000023418779800,
0x000002341877b000
}

Java Threads: ( => current thread )
  0x00000234151d0800 JavaThread "Reference Handler" daemon [_thread_blocked, id=10080, stack(0x000000db7d100000,0x000000db7d200000)]
  0x00000234151fc000 JavaThread "Finalizer" daemon [_thread_blocked, id=15868, stack(0x000000db7d200000,0x000000db7d300000)]
  0x0000023415ba3000 JavaThread "Signal Dispatcher" daemon [_thread_blocked, id=1460, stack(0x000000db7d300000,0x000000db7d400000)]
  0x000002341521b000 JavaThread "Attach Listener" daemon [_thread_blocked, id=15768, stack(0x000000db7d400000,0x000000db7d500000)]
=>0x000002341521d000 JavaThread "C2 CompilerThread0" daemon [_thread_in_native, id=15100, stack(0x000000db7d500000,0x000000db7d600000)]
  0x000002341521e000 JavaThread "C1 CompilerThread0" daemon [_thread_blocked, id=8120, stack(0x000000db7d600000,0x000000db7d700000)]
  0x0000023415b56800 JavaThread "Sweeper thread" daemon [_thread_blocked, id=6392, stack(0x000000db7d700000,0x000000db7d800000)]
  0x0000023415e6a000 JavaThread "JDWP Transport Listener: dt_socket" daemon [_thread_blocked, id=12596, stack(0x000000db7d800000,0x000000db7d900000)]
  0x0000023415e6d000 JavaThread "JDWP Event Helper Thread" daemon [_thread_blocked, id=12796, stack(0x000000db7d900000,0x000000db7da00000)]
  0x0000023415e75000 JavaThread "JDWP Command Reader" daemon [_thread_in_native, id=12024, stack(0x000000db7da00000,0x000000db7db00000)]
  0x0000023415e80800 JavaThread "Service Thread" daemon [_thread_blocked, id=13076, stack(0x000000db7db00000,0x000000db7dc00000)]
  0x0000023415e88000 JavaThread "Common-Cleaner" daemon [_thread_blocked, id=11260, stack(0x000000db7dd00000,0x000000db7de00000)]
  0x000002341ab14800 JavaThread "BufferPoolPruner-1-thread-1" daemon [_thread_blocked, id=9116, stack(0x000000db7ed00000,0x000000db7ee00000)]
  0x000002341e026800 JavaThread "Live Reload Server" daemon [_thread_in_native, id=13300, stack(0x000000db7f300000,0x000000db7f400000)]
  0x000002341fb24800 JavaThread "DestroyJavaVM" [_thread_blocked, id=13256, stack(0x000000db7ca00000,0x000000db7cb00000)]
  0x000002341fb28000 JavaThread "File Watcher" daemon [_thread_blocked, id=15924, stack(0x000000db7c900000,0x000000db7ca00000)]
  0x000002341fb25800 JavaThread "File Watcher" daemon [_thread_blocked, id=9860, stack(0x000000db7e100000,0x000000db7e200000)]
  0x000002341fb26800 JavaThread "Catalina-utility-1" [_thread_blocked, id=15536, stack(0x000000db7c800000,0x000000db7c900000)]
  0x000002341fb24000 JavaThread "Catalina-utility-2" [_thread_blocked, id=9880, stack(0x000000db7e200000,0x000000db7e300000)]
  0x000002341fb2a800 JavaThread "container-2" [_thread_blocked, id=7556, stack(0x000000db7e300000,0x000000db7e400000)]
  0x000002341fb2b800 JavaThread "cluster-ClusterId{value='63db6a244af78218a4bc44b2', description='null'}-localhost:27017" daemon [_thread_in_native, id=14520, stack(0x000000db7eb00000,0x000000db7ec00000)]
  0x000002341fb2d000 JavaThread "cluster-rtt-ClusterId{value='63db6a244af78218a4bc44b2', description='null'}-localhost:27017" daemon [_thread_blocked, id=14744, stack(0x000000db7ec00000,0x000000db7ed00000)]
  0x000002341fb27000 JavaThread "MaintenanceTimer-101-thread-1" daemon [_thread_blocked, id=4060, stack(0x000000db7ee00000,0x000000db7ef00000)]
  0x000002341fb2e800 JavaThread "File Watcher" daemon [_thread_blocked, id=12680, stack(0x000000db7ef00000,0x000000db7f000000)]
  0x000002341fb2f800 JavaThread "http-nio-4444-exec-1" daemon [_thread_blocked, id=2548, stack(0x000000db7f000000,0x000000db7f100000)]
  0x000002341fb30000 JavaThread "http-nio-4444-exec-2" daemon [_thread_blocked, id=16768, stack(0x000000db7f100000,0x000000db7f200000)]
  0x000002341fb32000 JavaThread "http-nio-4444-exec-3" daemon [_thread_blocked, id=9772, stack(0x000000db7f200000,0x000000db7f300000)]
  0x000002341fb31000 JavaThread "http-nio-4444-exec-4" daemon [_thread_blocked, id=2892, stack(0x000000db7f400000,0x000000db7f500000)]
  0x000002341e022800 JavaThread "http-nio-4444-exec-5" daemon [_thread_blocked, id=11168, stack(0x000000db7f500000,0x000000db7f600000)]
  0x000002341e023800 JavaThread "http-nio-4444-exec-6" daemon [_thread_in_native, id=11560, stack(0x000000db7f600000,0x000000db7f700000)]
  0x000002341e024000 JavaThread "http-nio-4444-exec-7" daemon [_thread_blocked, id=12140, stack(0x000000db7f700000,0x000000db7f800000)]
  0x000002341e025000 JavaThread "http-nio-4444-exec-8" daemon [_thread_blocked, id=10076, stack(0x000000db7f800000,0x000000db7f900000)]
  0x000002341e029000 JavaThread "http-nio-4444-exec-9" daemon [_thread_blocked, id=11696, stack(0x000000db7f900000,0x000000db7fa00000)]
  0x000002341e026000 JavaThread "http-nio-4444-exec-10" daemon [_thread_blocked, id=4796, stack(0x000000db7fa00000,0x000000db7fb00000)]
  0x000002341e028800 JavaThread "http-nio-4444-Poller" daemon [_thread_in_native, id=268, stack(0x000000db7fb00000,0x000000db7fc00000)]
  0x0000023418779800 JavaThread "http-nio-4444-Acceptor" daemon [_thread_in_native, id=7780, stack(0x000000db7fc00000,0x000000db7fd00000)]
  0x000002341877b000 JavaThread "HikariPool-21 housekeeper" daemon [_thread_blocked, id=16616, stack(0x000000db7fd00000,0x000000db7fe00000)]

Other Threads:
  0x00000234151ce800 VMThread "VM Thread" [stack: 0x000000db7d000000,0x000000db7d100000] [id=2068]
  0x0000023415e83000 WatcherThread [stack: 0x000000db7dc00000,0x000000db7dd00000] [id=11580]
  0x00000234767e6800 GCTaskThread "GC Thread#0" [stack: 0x000000db7cb00000,0x000000db7cc00000] [id=1336]
  0x0000023417000800 GCTaskThread "GC Thread#1" [stack: 0x000000db7e000000,0x000000db7e100000] [id=2528]
  0x0000023418c90800 GCTaskThread "GC Thread#2" [stack: 0x000000db7e400000,0x000000db7e500000] [id=10860]
  0x0000023418ad7000 GCTaskThread "GC Thread#3" [stack: 0x000000db7e500000,0x000000db7e600000] [id=10124]
  0x0000023418ad7800 GCTaskThread "GC Thread#4" [stack: 0x000000db7e600000,0x000000db7e700000] [id=14344]
  0x0000023418607000 GCTaskThread "GC Thread#5" [stack: 0x000000db7e700000,0x000000db7e800000] [id=14728]
  0x0000023418607800 GCTaskThread "GC Thread#6" [stack: 0x000000db7e800000,0x000000db7e900000] [id=7824]
  0x0000023417765800 GCTaskThread "GC Thread#7" [stack: 0x000000db7e900000,0x000000db7ea00000] [id=6788]
  0x0000023476817000 ConcurrentGCThread "G1 Main Marker" [stack: 0x000000db7cc00000,0x000000db7cd00000] [id=11924]
  0x0000023476818800 ConcurrentGCThread "G1 Conc#0" [stack: 0x000000db7cd00000,0x000000db7ce00000] [id=10348]
  0x00000234178b5000 ConcurrentGCThread "G1 Conc#1" [stack: 0x000000db7ea00000,0x000000db7eb00000] [id=14020]
  0x0000023415032800 ConcurrentGCThread "G1 Refine#0" [stack: 0x000000db7ce00000,0x000000db7cf00000] [id=11488]
  0x0000023415033000 ConcurrentGCThread "G1 Young RemSet Sampling" [stack: 0x000000db7cf00000,0x000000db7d000000] [id=13652]

Threads with active compile tasks:
C2 CompilerThread020712   !   4       org.apache.catalina.connector.CoyoteAdapter::postParseRequest (1106 bytes)

VM state:not at safepoint (normal execution)

VM Mutex/Monitor currently owned by a thread: None

Heap address: 0x0000000084000000, size: 1984 MB, Compressed Oops mode: 32-bit
Narrow klass base: 0x0000000000000000, Narrow klass shift: 3
Compressed class space size: 1073741824 Address: 0x0000000100000000

Heap:
 garbage-first heap   total 256000K, used 92871K [0x0000000084000000, 0x0000000100000000)
  region size 1024K, 48 young (49152K), 1 survivors (1024K)
 Metaspace       used 72887K, capacity 76404K, committed 103472K, reserved 1140736K
  class space    used 7698K, capacity 9005K, committed 11904K, reserved 1048576K
Heap Regions: E=young(eden), S=young(survivor), O=old, HS=humongous(starts), HC=humongous(continues), CS=collection set, F=free, A=archive, TAMS=top-at-mark-start (previous, next)
|   0|0x0000000084000000, 0x00000000840ffff0, 0x0000000084100000| 99%| O|  |TAMS 0x00000000840ffff0, 0x0000000084000000| Untracked 
|   1|0x0000000084100000, 0x00000000841ffff8, 0x0000000084200000| 99%| O|  |TAMS 0x00000000841ffff8, 0x0000000084100000| Untracked 
|   2|0x0000000084200000, 0x00000000842ffff0, 0x0000000084300000| 99%| O|  |TAMS 0x00000000842ffff0, 0x0000000084200000| Untracked 
|   3|0x0000000084300000, 0x00000000843ffff8, 0x0000000084400000| 99%| O|  |TAMS 0x00000000843ffff8, 0x0000000084300000| Untracked 
|   4|0x0000000084400000, 0x0000000084500000, 0x0000000084500000|100%| O|  |TAMS 0x0000000084500000, 0x0000000084400000| Untracked 
|   5|0x0000000084500000, 0x00000000845ffff8, 0x0000000084600000| 99%| O|  |TAMS 0x00000000845ffff8, 0x0000000084500000| Untracked 
|   6|0x0000000084600000, 0x0000000084700000, 0x0000000084700000|100%| O|  |TAMS 0x0000000084700000, 0x0000000084600000| Untracked 
|   7|0x0000000084700000, 0x0000000084800000, 0x0000000084800000|100%| O|  |TAMS 0x0000000084800000, 0x0000000084700000| Untracked 
|   8|0x0000000084800000, 0x0000000084900000, 0x0000000084900000|100%| O|  |TAMS 0x0000000084900000, 0x0000000084800000| Untracked 
|   9|0x0000000084900000, 0x0000000084a00000, 0x0000000084a00000|100%| O|  |TAMS 0x0000000084a00000, 0x0000000084900000| Untracked 
|  10|0x0000000084a00000, 0x0000000084afffd8, 0x0000000084b00000| 99%| O|  |TAMS 0x0000000084afffd8, 0x0000000084a00000| Untracked 
|  11|0x0000000084b00000, 0x0000000084bffff8, 0x0000000084c00000| 99%| O|  |TAMS 0x0000000084bffff8, 0x0000000084b00000| Untracked 
|  12|0x0000000084c00000, 0x0000000084cfffd0, 0x0000000084d00000| 99%| O|  |TAMS 0x0000000084cfffd0, 0x0000000084c00000| Untracked 
|  13|0x0000000084d00000, 0x0000000084dfffc0, 0x0000000084e00000| 99%| O|  |TAMS 0x0000000084dfffc0, 0x0000000084d00000| Untracked 
|  14|0x0000000084e00000, 0x0000000084efffe8, 0x0000000084f00000| 99%| O|  |TAMS 0x0000000084efffe8, 0x0000000084e00000| Untracked 
|  15|0x0000000084f00000, 0x0000000085000000, 0x0000000085000000|100%| O|  |TAMS 0x0000000085000000, 0x0000000084f00000| Untracked 
|  16|0x0000000085000000, 0x00000000850fffc8, 0x0000000085100000| 99%| O|  |TAMS 0x00000000850fffc8, 0x0000000085000000| Untracked 
|  17|0x0000000085100000, 0x00000000851fffb8, 0x0000000085200000| 99%| O|  |TAMS 0x00000000851fffb8, 0x0000000085100000| Untracked 
|  18|0x0000000085200000, 0x00000000852ffff8, 0x0000000085300000| 99%| O|  |TAMS 0x00000000852ffff8, 0x0000000085200000| Untracked 
|  19|0x0000000085300000, 0x00000000853fffb0, 0x0000000085400000| 99%| O|  |TAMS 0x00000000853fffb0, 0x0000000085300000| Untracked 
|  20|0x0000000085400000, 0x00000000854fde68, 0x0000000085500000| 99%| O|  |TAMS 0x00000000854fde68, 0x0000000085400000| Untracked 
|  21|0x0000000085500000, 0x00000000855fffd0, 0x0000000085600000| 99%| O|  |TAMS 0x00000000855fffd0, 0x0000000085500000| Untracked 
|  22|0x0000000085600000, 0x00000000856fffd8, 0x0000000085700000| 99%| O|  |TAMS 0x00000000856fffd8, 0x0000000085600000| Untracked 
|  23|0x0000000085700000, 0x00000000857e2e70, 0x0000000085800000| 88%| O|  |TAMS 0x00000000857e2e70, 0x0000000085700000| Untracked 
|  24|0x0000000085800000, 0x0000000085900000, 0x0000000085900000|100%| O|  |TAMS 0x0000000085900000, 0x0000000085800000| Untracked 
|  25|0x0000000085900000, 0x0000000085a00000, 0x0000000085a00000|100%| O|  |TAMS 0x0000000085a00000, 0x0000000085900000| Untracked 
|  26|0x0000000085a00000, 0x0000000085affff8, 0x0000000085b00000| 99%| O|  |TAMS 0x0000000085affff8, 0x0000000085a00000| Untracked 
|  27|0x0000000085b00000, 0x0000000085c00000, 0x0000000085c00000|100%| O|  |TAMS 0x0000000085c00000, 0x0000000085b00000| Untracked 
|  28|0x0000000085c00000, 0x0000000085d00000, 0x0000000085d00000|100%| O|  |TAMS 0x0000000085d00000, 0x0000000085c00000| Untracked 
|  29|0x0000000085d00000, 0x0000000085e00000, 0x0000000085e00000|100%| O|  |TAMS 0x0000000085e00000, 0x0000000085d00000| Untracked 
|  30|0x0000000085e00000, 0x0000000085f00000, 0x0000000085f00000|100%| O|  |TAMS 0x0000000085f00000, 0x0000000085e00000| Untracked 
|  31|0x0000000085f00000, 0x0000000086000000, 0x0000000086000000|100%| O|  |TAMS 0x0000000086000000, 0x0000000085f00000| Untracked 
|  32|0x0000000086000000, 0x0000000086000000, 0x0000000086100000|  0%| F|  |TAMS 0x0000000086000000, 0x0000000086000000| Untracked 
|  33|0x0000000086100000, 0x0000000086200000, 0x0000000086200000|100%|HS|  |TAMS 0x0000000086200000, 0x0000000086100000| Complete 
|  34|0x0000000086200000, 0x0000000086300000, 0x0000000086300000|100%|HC|  |TAMS 0x0000000086300000, 0x0000000086200000| Complete 
|  35|0x0000000086300000, 0x0000000086400000, 0x0000000086400000|100%|HS|  |TAMS 0x0000000086400000, 0x0000000086300000| Complete 
|  36|0x0000000086400000, 0x0000000086500000, 0x0000000086500000|100%|HC|  |TAMS 0x0000000086500000, 0x0000000086400000| Complete 
|  37|0x0000000086500000, 0x00000000865b9600, 0x0000000086600000| 72%| O|  |TAMS 0x00000000865b9600, 0x0000000086500000| Untracked 
|  38|0x0000000086600000, 0x0000000086700000, 0x0000000086700000|100%|HS|  |TAMS 0x0000000086700000, 0x0000000086600000| Complete 
|  39|0x0000000086700000, 0x0000000086800000, 0x0000000086800000|100%|HC|  |TAMS 0x0000000086800000, 0x0000000086700000| Complete 
|  40|0x0000000086800000, 0x0000000086900000, 0x0000000086900000|100%|HS|  |TAMS 0x0000000086900000, 0x0000000086800000| Complete 
|  41|0x0000000086900000, 0x0000000086a00000, 0x0000000086a00000|100%|HC|  |TAMS 0x0000000086a00000, 0x0000000086900000| Complete 
|  42|0x0000000086a00000, 0x0000000086b00000, 0x0000000086b00000|100%| O|  |TAMS 0x0000000086b00000, 0x0000000086a00000| Untracked 
|  43|0x0000000086b00000, 0x0000000086c00000, 0x0000000086c00000|100%| O|  |TAMS 0x0000000086c00000, 0x0000000086b00000| Untracked 
|  44|0x0000000086c00000, 0x0000000086c00000, 0x0000000086d00000|  0%| F|  |TAMS 0x0000000086c00000, 0x0000000086c00000| Untracked 
|  45|0x0000000086d00000, 0x0000000086d00000, 0x0000000086e00000|  0%| F|  |TAMS 0x0000000086d00000, 0x0000000086d00000| Untracked 
|  46|0x0000000086e00000, 0x0000000086e00000, 0x0000000086f00000|  0%| F|  |TAMS 0x0000000086e00000, 0x0000000086e00000| Untracked 
|  47|0x0000000086f00000, 0x0000000086f00000, 0x0000000087000000|  0%| F|  |TAMS 0x0000000086f00000, 0x0000000086f00000| Untracked 
|  48|0x0000000087000000, 0x0000000087000000, 0x0000000087100000|  0%| F|  |TAMS 0x0000000087000000, 0x0000000087000000| Untracked 
|  49|0x0000000087100000, 0x0000000087100000, 0x0000000087200000|  0%| F|  |TAMS 0x0000000087100000, 0x0000000087100000| Untracked 
|  50|0x0000000087200000, 0x0000000087200000, 0x0000000087300000|  0%| F|  |TAMS 0x0000000087200000, 0x0000000087200000| Untracked 
|  51|0x0000000087300000, 0x0000000087300000, 0x0000000087400000|  0%| F|  |TAMS 0x0000000087300000, 0x0000000087300000| Untracked 
|  52|0x0000000087400000, 0x0000000087400000, 0x0000000087500000|  0%| F|  |TAMS 0x0000000087400000, 0x0000000087400000| Untracked 
|  53|0x0000000087500000, 0x0000000087500000, 0x0000000087600000|  0%| F|  |TAMS 0x0000000087500000, 0x0000000087500000| Untracked 
|  54|0x0000000087600000, 0x0000000087600000, 0x0000000087700000|  0%| F|  |TAMS 0x0000000087600000, 0x0000000087600000| Untracked 
|  55|0x0000000087700000, 0x0000000087700000, 0x0000000087800000|  0%| F|  |TAMS 0x0000000087700000, 0x0000000087700000| Untracked 
|  56|0x0000000087800000, 0x0000000087800000, 0x0000000087900000|  0%| F|  |TAMS 0x0000000087800000, 0x0000000087800000| Untracked 
|  57|0x0000000087900000, 0x0000000087900000, 0x0000000087a00000|  0%| F|  |TAMS 0x0000000087900000, 0x0000000087900000| Untracked 
|  58|0x0000000087a00000, 0x0000000087a00000, 0x0000000087b00000|  0%| F|  |TAMS 0x0000000087a00000, 0x0000000087a00000| Untracked 
|  59|0x0000000087b00000, 0x0000000087b00000, 0x0000000087c00000|  0%| F|  |TAMS 0x0000000087b00000, 0x0000000087b00000| Untracked 
|  60|0x0000000087c00000, 0x0000000087d00000, 0x0000000087d00000|100%| O|  |TAMS 0x0000000087d00000, 0x0000000087c00000| Untracked 
|  61|0x0000000087d00000, 0x0000000087d00000, 0x0000000087e00000|  0%| F|  |TAMS 0x0000000087d00000, 0x0000000087d00000| Untracked 
|  62|0x0000000087e00000, 0x0000000087e00000, 0x0000000087f00000|  0%| F|  |TAMS 0x0000000087e00000, 0x0000000087e00000| Untracked 
|  63|0x0000000087f00000, 0x0000000087f00000, 0x0000000088000000|  0%| F|  |TAMS 0x0000000087f00000, 0x0000000087f00000| Untracked 
|  64|0x0000000088000000, 0x0000000088000000, 0x0000000088100000|  0%| F|  |TAMS 0x0000000088000000, 0x0000000088000000| Untracked 
|  65|0x0000000088100000, 0x0000000088100000, 0x0000000088200000|  0%| F|  |TAMS 0x0000000088100000, 0x0000000088100000| Untracked 
|  66|0x0000000088200000, 0x0000000088200000, 0x0000000088300000|  0%| F|  |TAMS 0x0000000088200000, 0x0000000088200000| Untracked 
|  67|0x0000000088300000, 0x0000000088300000, 0x0000000088400000|  0%| F|  |TAMS 0x0000000088300000, 0x0000000088300000| Untracked 
|  68|0x0000000088400000, 0x0000000088400000, 0x0000000088500000|  0%| F|  |TAMS 0x0000000088400000, 0x0000000088400000| Untracked 
|  69|0x0000000088500000, 0x0000000088500000, 0x0000000088600000|  0%| F|  |TAMS 0x0000000088500000, 0x0000000088500000| Untracked 
|  70|0x0000000088600000, 0x0000000088600000, 0x0000000088700000|  0%| F|  |TAMS 0x0000000088600000, 0x0000000088600000| Untracked 
|  71|0x0000000088700000, 0x0000000088700000, 0x0000000088800000|  0%| F|  |TAMS 0x0000000088700000, 0x0000000088700000| Untracked 
|  72|0x0000000088800000, 0x0000000088800000, 0x0000000088900000|  0%| F|  |TAMS 0x0000000088800000, 0x0000000088800000| Untracked 
|  73|0x0000000088900000, 0x0000000088900000, 0x0000000088a00000|  0%| F|  |TAMS 0x0000000088900000, 0x0000000088900000| Untracked 
|  74|0x0000000088a00000, 0x0000000088a00000, 0x0000000088b00000|  0%| F|  |TAMS 0x0000000088a00000, 0x0000000088a00000| Untracked 
|  75|0x0000000088b00000, 0x0000000088b00000, 0x0000000088c00000|  0%| F|  |TAMS 0x0000000088b00000, 0x0000000088b00000| Untracked 
|  76|0x0000000088c00000, 0x0000000088c00000, 0x0000000088d00000|  0%| F|  |TAMS 0x0000000088c00000, 0x0000000088c00000| Untracked 
|  77|0x0000000088d00000, 0x0000000088d00000, 0x0000000088e00000|  0%| F|  |TAMS 0x0000000088d00000, 0x0000000088d00000| Untracked 
|  78|0x0000000088e00000, 0x0000000088e00000, 0x0000000088f00000|  0%| F|  |TAMS 0x0000000088e00000, 0x0000000088e00000| Untracked 
|  79|0x0000000088f00000, 0x0000000088f00000, 0x0000000089000000|  0%| F|  |TAMS 0x0000000088f00000, 0x0000000088f00000| Untracked 
|  80|0x0000000089000000, 0x0000000089000000, 0x0000000089100000|  0%| F|  |TAMS 0x0000000089000000, 0x0000000089000000| Untracked 
|  81|0x0000000089100000, 0x0000000089100000, 0x0000000089200000|  0%| F|  |TAMS 0x0000000089100000, 0x0000000089100000| Untracked 
|  82|0x0000000089200000, 0x0000000089200000, 0x0000000089300000|  0%| F|  |TAMS 0x0000000089200000, 0x0000000089200000| Untracked 
|  83|0x0000000089300000, 0x0000000089300000, 0x0000000089400000|  0%| F|  |TAMS 0x0000000089300000, 0x0000000089300000| Untracked 
|  84|0x0000000089400000, 0x0000000089400000, 0x0000000089500000|  0%| F|  |TAMS 0x0000000089400000, 0x0000000089400000| Untracked 
|  85|0x0000000089500000, 0x0000000089600000, 0x0000000089600000|100%| O|  |TAMS 0x0000000089600000, 0x0000000089500000| Untracked 
|  86|0x0000000089600000, 0x0000000089600000, 0x0000000089700000|  0%| F|  |TAMS 0x0000000089600000, 0x0000000089600000| Untracked 
|  87|0x0000000089700000, 0x0000000089700000, 0x0000000089800000|  0%| F|  |TAMS 0x0000000089700000, 0x0000000089700000| Untracked 
|  88|0x0000000089800000, 0x0000000089800000, 0x0000000089900000|  0%| F|  |TAMS 0x0000000089800000, 0x0000000089800000| Untracked 
|  89|0x0000000089900000, 0x0000000089900000, 0x0000000089a00000|  0%| F|  |TAMS 0x0000000089900000, 0x0000000089900000| Untracked 
|  90|0x0000000089a00000, 0x0000000089a00000, 0x0000000089b00000|  0%| F|  |TAMS 0x0000000089a00000, 0x0000000089a00000| Untracked 
|  91|0x0000000089b00000, 0x0000000089b00000, 0x0000000089c00000|  0%| F|  |TAMS 0x0000000089b00000, 0x0000000089b00000| Untracked 
|  92|0x0000000089c00000, 0x0000000089c00000, 0x0000000089d00000|  0%| F|  |TAMS 0x0000000089c00000, 0x0000000089c00000| Untracked 
|  93|0x0000000089d00000, 0x0000000089d00000, 0x0000000089e00000|  0%| F|  |TAMS 0x0000000089d00000, 0x0000000089d00000| Untracked 
|  94|0x0000000089e00000, 0x0000000089e00000, 0x0000000089f00000|  0%| F|  |TAMS 0x0000000089e00000, 0x0000000089e00000| Untracked 
|  95|0x0000000089f00000, 0x0000000089f00000, 0x000000008a000000|  0%| F|  |TAMS 0x0000000089f00000, 0x0000000089f00000| Untracked 
|  96|0x000000008a000000, 0x000000008a000000, 0x000000008a100000|  0%| F|  |TAMS 0x000000008a000000, 0x000000008a000000| Untracked 
|  97|0x000000008a100000, 0x000000008a100000, 0x000000008a200000|  0%| F|  |TAMS 0x000000008a100000, 0x000000008a100000| Untracked 
|  98|0x000000008a200000, 0x000000008a217bf8, 0x000000008a300000|  9%| S|CS|TAMS 0x000000008a200000, 0x000000008a200000| Complete 
|  99|0x000000008a300000, 0x000000008a300000, 0x000000008a400000|  0%| F|  |TAMS 0x000000008a300000, 0x000000008a300000| Untracked 
| 100|0x000000008a400000, 0x000000008a400000, 0x000000008a500000|  0%| F|  |TAMS 0x000000008a400000, 0x000000008a400000| Untracked 
| 101|0x000000008a500000, 0x000000008a500000, 0x000000008a600000|  0%| F|  |TAMS 0x000000008a500000, 0x000000008a500000| Untracked 
| 102|0x000000008a600000, 0x000000008a600000, 0x000000008a700000|  0%| F|  |TAMS 0x000000008a600000, 0x000000008a600000| Untracked 
| 103|0x000000008a700000, 0x000000008a700000, 0x000000008a800000|  0%| F|  |TAMS 0x000000008a700000, 0x000000008a700000| Untracked 
| 104|0x000000008a800000, 0x000000008a800000, 0x000000008a900000|  0%| F|  |TAMS 0x000000008a800000, 0x000000008a800000| Untracked 
| 105|0x000000008a900000, 0x000000008a900000, 0x000000008aa00000|  0%| F|  |TAMS 0x000000008a900000, 0x000000008a900000| Untracked 
| 106|0x000000008aa00000, 0x000000008aa00000, 0x000000008ab00000|  0%| F|  |TAMS 0x000000008aa00000, 0x000000008aa00000| Untracked 
| 107|0x000000008ab00000, 0x000000008ab00000, 0x000000008ac00000|  0%| F|  |TAMS 0x000000008ab00000, 0x000000008ab00000| Untracked 
| 108|0x000000008ac00000, 0x000000008ac00000, 0x000000008ad00000|  0%| F|  |TAMS 0x000000008ac00000, 0x000000008ac00000| Untracked 
| 109|0x000000008ad00000, 0x000000008ad00000, 0x000000008ae00000|  0%| F|  |TAMS 0x000000008ad00000, 0x000000008ad00000| Untracked 
| 110|0x000000008ae00000, 0x000000008ae00000, 0x000000008af00000|  0%| F|  |TAMS 0x000000008ae00000, 0x000000008ae00000| Untracked 
| 111|0x000000008af00000, 0x000000008af00000, 0x000000008b000000|  0%| F|  |TAMS 0x000000008af00000, 0x000000008af00000| Untracked 
| 112|0x000000008b000000, 0x000000008b000000, 0x000000008b100000|  0%| F|  |TAMS 0x000000008b000000, 0x000000008b000000| Untracked 
| 113|0x000000008b100000, 0x000000008b100000, 0x000000008b200000|  0%| F|  |TAMS 0x000000008b100000, 0x000000008b100000| Untracked 
| 114|0x000000008b200000, 0x000000008b200000, 0x000000008b300000|  0%| F|  |TAMS 0x000000008b200000, 0x000000008b200000| Untracked 
| 115|0x000000008b300000, 0x000000008b300000, 0x000000008b400000|  0%| F|  |TAMS 0x000000008b300000, 0x000000008b300000| Untracked 
| 116|0x000000008b400000, 0x000000008b400000, 0x000000008b500000|  0%| F|  |TAMS 0x000000008b400000, 0x000000008b400000| Untracked 
| 117|0x000000008b500000, 0x000000008b500000, 0x000000008b600000|  0%| F|  |TAMS 0x000000008b500000, 0x000000008b500000| Untracked 
| 118|0x000000008b600000, 0x000000008b600000, 0x000000008b700000|  0%| F|  |TAMS 0x000000008b600000, 0x000000008b600000| Untracked 
| 119|0x000000008b700000, 0x000000008b700000, 0x000000008b800000|  0%| F|  |TAMS 0x000000008b700000, 0x000000008b700000| Untracked 
| 120|0x000000008b800000, 0x000000008b800000, 0x000000008b900000|  0%| F|  |TAMS 0x000000008b800000, 0x000000008b800000| Untracked 
| 121|0x000000008b900000, 0x000000008b900000, 0x000000008ba00000|  0%| F|  |TAMS 0x000000008b900000, 0x000000008b900000| Untracked 
| 122|0x000000008ba00000, 0x000000008ba00000, 0x000000008bb00000|  0%| F|  |TAMS 0x000000008ba00000, 0x000000008ba00000| Untracked 
| 123|0x000000008bb00000, 0x000000008bb00000, 0x000000008bc00000|  0%| F|  |TAMS 0x000000008bb00000, 0x000000008bb00000| Untracked 
| 124|0x000000008bc00000, 0x000000008bc00000, 0x000000008bd00000|  0%| F|  |TAMS 0x000000008bc00000, 0x000000008bc00000| Untracked 
| 125|0x000000008bd00000, 0x000000008bd00000, 0x000000008be00000|  0%| F|  |TAMS 0x000000008bd00000, 0x000000008bd00000| Untracked 
| 126|0x000000008be00000, 0x000000008be00000, 0x000000008bf00000|  0%| F|  |TAMS 0x000000008be00000, 0x000000008be00000| Untracked 
| 127|0x000000008bf00000, 0x000000008bf00000, 0x000000008c000000|  0%| F|  |TAMS 0x000000008bf00000, 0x000000008bf00000| Untracked 
| 128|0x000000008c000000, 0x000000008c000000, 0x000000008c100000|  0%| F|  |TAMS 0x000000008c000000, 0x000000008c000000| Untracked 
| 129|0x000000008c100000, 0x000000008c100000, 0x000000008c200000|  0%| F|  |TAMS 0x000000008c100000, 0x000000008c100000| Untracked 
| 130|0x000000008c200000, 0x000000008c200000, 0x000000008c300000|  0%| F|  |TAMS 0x000000008c200000, 0x000000008c200000| Untracked 
| 131|0x000000008c300000, 0x000000008c300000, 0x000000008c400000|  0%| F|  |TAMS 0x000000008c300000, 0x000000008c300000| Untracked 
| 132|0x000000008c400000, 0x000000008c400000, 0x000000008c500000|  0%| F|  |TAMS 0x000000008c400000, 0x000000008c400000| Untracked 
| 133|0x000000008c500000, 0x000000008c500000, 0x000000008c600000|  0%| F|  |TAMS 0x000000008c500000, 0x000000008c500000| Untracked 
| 134|0x000000008c600000, 0x000000008c600000, 0x000000008c700000|  0%| F|  |TAMS 0x000000008c600000, 0x000000008c600000| Untracked 
| 135|0x000000008c700000, 0x000000008c700000, 0x000000008c800000|  0%| F|  |TAMS 0x000000008c700000, 0x000000008c700000| Untracked 
| 136|0x000000008c800000, 0x000000008c800000, 0x000000008c900000|  0%| F|  |TAMS 0x000000008c800000, 0x000000008c800000| Untracked 
| 137|0x000000008c900000, 0x000000008c900000, 0x000000008ca00000|  0%| F|  |TAMS 0x000000008c900000, 0x000000008c900000| Untracked 
| 138|0x000000008ca00000, 0x000000008ca00000, 0x000000008cb00000|  0%| F|  |TAMS 0x000000008ca00000, 0x000000008ca00000| Untracked 
| 139|0x000000008cb00000, 0x000000008cb00000, 0x000000008cc00000|  0%| F|  |TAMS 0x000000008cb00000, 0x000000008cb00000| Untracked 
| 140|0x000000008cc00000, 0x000000008cc00000, 0x000000008cd00000|  0%| F|  |TAMS 0x000000008cc00000, 0x000000008cc00000| Untracked 
| 141|0x000000008cd00000, 0x000000008cd00000, 0x000000008ce00000|  0%| F|  |TAMS 0x000000008cd00000, 0x000000008cd00000| Untracked 
| 142|0x000000008ce00000, 0x000000008ce00000, 0x000000008cf00000|  0%| F|  |TAMS 0x000000008ce00000, 0x000000008ce00000| Untracked 
| 143|0x000000008cf00000, 0x000000008cf00000, 0x000000008d000000|  0%| F|  |TAMS 0x000000008cf00000, 0x000000008cf00000| Untracked 
| 144|0x000000008d000000, 0x000000008d000000, 0x000000008d100000|  0%| F|  |TAMS 0x000000008d000000, 0x000000008d000000| Untracked 
| 145|0x000000008d100000, 0x000000008d100000, 0x000000008d200000|  0%| F|  |TAMS 0x000000008d100000, 0x000000008d100000| Untracked 
| 146|0x000000008d200000, 0x000000008d200000, 0x000000008d300000|  0%| F|  |TAMS 0x000000008d200000, 0x000000008d200000| Untracked 
| 147|0x000000008d300000, 0x000000008d300000, 0x000000008d400000|  0%| F|  |TAMS 0x000000008d300000, 0x000000008d300000| Untracked 
| 148|0x000000008d400000, 0x000000008d500000, 0x000000008d500000|100%| O|  |TAMS 0x000000008d500000, 0x000000008d400000| Untracked 
| 149|0x000000008d500000, 0x000000008d500000, 0x000000008d600000|  0%| F|  |TAMS 0x000000008d500000, 0x000000008d500000| Untracked 
| 150|0x000000008d600000, 0x000000008d600000, 0x000000008d700000|  0%| F|  |TAMS 0x000000008d600000, 0x000000008d600000| Untracked 
| 151|0x000000008d700000, 0x000000008d700000, 0x000000008d800000|  0%| F|  |TAMS 0x000000008d700000, 0x000000008d700000| Untracked 
| 152|0x000000008d800000, 0x000000008d800000, 0x000000008d900000|  0%| F|  |TAMS 0x000000008d800000, 0x000000008d800000| Untracked 
| 153|0x000000008d900000, 0x000000008d900000, 0x000000008da00000|  0%| F|  |TAMS 0x000000008d900000, 0x000000008d900000| Untracked 
| 154|0x000000008da00000, 0x000000008da00000, 0x000000008db00000|  0%| F|  |TAMS 0x000000008da00000, 0x000000008da00000| Untracked 
| 155|0x000000008db00000, 0x000000008db00000, 0x000000008dc00000|  0%| F|  |TAMS 0x000000008db00000, 0x000000008db00000| Untracked 
| 156|0x000000008dc00000, 0x000000008dc00000, 0x000000008dd00000|  0%| F|  |TAMS 0x000000008dc00000, 0x000000008dc00000| Untracked 
| 157|0x000000008dd00000, 0x000000008dd00000, 0x000000008de00000|  0%| F|  |TAMS 0x000000008dd00000, 0x000000008dd00000| Untracked 
| 158|0x000000008de00000, 0x000000008de00000, 0x000000008df00000|  0%| F|  |TAMS 0x000000008de00000, 0x000000008de00000| Untracked 
| 159|0x000000008df00000, 0x000000008df00000, 0x000000008e000000|  0%| F|  |TAMS 0x000000008df00000, 0x000000008df00000| Untracked 
| 160|0x000000008e000000, 0x000000008e000000, 0x000000008e100000|  0%| F|  |TAMS 0x000000008e000000, 0x000000008e000000| Untracked 
| 161|0x000000008e100000, 0x000000008e100000, 0x000000008e200000|  0%| F|  |TAMS 0x000000008e100000, 0x000000008e100000| Untracked 
| 162|0x000000008e200000, 0x000000008e200000, 0x000000008e300000|  0%| F|  |TAMS 0x000000008e200000, 0x000000008e200000| Untracked 
| 163|0x000000008e300000, 0x000000008e300000, 0x000000008e400000|  0%| F|  |TAMS 0x000000008e300000, 0x000000008e300000| Untracked 
| 164|0x000000008e400000, 0x000000008e400000, 0x000000008e500000|  0%| F|  |TAMS 0x000000008e400000, 0x000000008e400000| Untracked 
| 165|0x000000008e500000, 0x000000008e500000, 0x000000008e600000|  0%| F|  |TAMS 0x000000008e500000, 0x000000008e500000| Untracked 
| 166|0x000000008e600000, 0x000000008e600000, 0x000000008e700000|  0%| F|  |TAMS 0x000000008e600000, 0x000000008e600000| Untracked 
| 167|0x000000008e700000, 0x000000008e700000, 0x000000008e800000|  0%| F|  |TAMS 0x000000008e700000, 0x000000008e700000| Untracked 
| 168|0x000000008e800000, 0x000000008e800000, 0x000000008e900000|  0%| F|  |TAMS 0x000000008e800000, 0x000000008e800000| Untracked 
| 169|0x000000008e900000, 0x000000008e900000, 0x000000008ea00000|  0%| F|  |TAMS 0x000000008e900000, 0x000000008e900000| Untracked 
| 170|0x000000008ea00000, 0x000000008ea00000, 0x000000008eb00000|  0%| F|  |TAMS 0x000000008ea00000, 0x000000008ea00000| Untracked 
| 171|0x000000008eb00000, 0x000000008eb00000, 0x000000008ec00000|  0%| F|  |TAMS 0x000000008eb00000, 0x000000008eb00000| Untracked 
| 172|0x000000008ec00000, 0x000000008ec00000, 0x000000008ed00000|  0%| F|  |TAMS 0x000000008ec00000, 0x000000008ec00000| Untracked 
| 173|0x000000008ed00000, 0x000000008ed00000, 0x000000008ee00000|  0%| F|  |TAMS 0x000000008ed00000, 0x000000008ed00000| Untracked 
| 174|0x000000008ee00000, 0x000000008ee00000, 0x000000008ef00000|  0%| F|  |TAMS 0x000000008ee00000, 0x000000008ee00000| Untracked 
| 175|0x000000008ef00000, 0x000000008ef00000, 0x000000008f000000|  0%| F|  |TAMS 0x000000008ef00000, 0x000000008ef00000| Untracked 
| 176|0x000000008f000000, 0x000000008f000000, 0x000000008f100000|  0%| F|  |TAMS 0x000000008f000000, 0x000000008f000000| Untracked 
| 177|0x000000008f100000, 0x000000008f100000, 0x000000008f200000|  0%| F|  |TAMS 0x000000008f100000, 0x000000008f100000| Untracked 
| 178|0x000000008f200000, 0x000000008f200000, 0x000000008f300000|  0%| F|  |TAMS 0x000000008f200000, 0x000000008f200000| Untracked 
| 179|0x000000008f300000, 0x000000008f300000, 0x000000008f400000|  0%| F|  |TAMS 0x000000008f300000, 0x000000008f300000| Untracked 
| 180|0x000000008f400000, 0x000000008f400000, 0x000000008f500000|  0%| F|  |TAMS 0x000000008f400000, 0x000000008f400000| Untracked 
| 181|0x000000008f500000, 0x000000008f500000, 0x000000008f600000|  0%| F|  |TAMS 0x000000008f500000, 0x000000008f500000| Untracked 
| 182|0x000000008f600000, 0x000000008f600000, 0x000000008f700000|  0%| F|  |TAMS 0x000000008f600000, 0x000000008f600000| Untracked 
| 183|0x000000008f700000, 0x000000008f700000, 0x000000008f800000|  0%| F|  |TAMS 0x000000008f700000, 0x000000008f700000| Untracked 
| 184|0x000000008f800000, 0x000000008f800000, 0x000000008f900000|  0%| F|  |TAMS 0x000000008f800000, 0x000000008f800000| Untracked 
| 185|0x000000008f900000, 0x000000008f900000, 0x000000008fa00000|  0%| F|  |TAMS 0x000000008f900000, 0x000000008f900000| Untracked 
| 186|0x000000008fa00000, 0x000000008fa00000, 0x000000008fb00000|  0%| F|  |TAMS 0x000000008fa00000, 0x000000008fa00000| Untracked 
| 187|0x000000008fb00000, 0x000000008fb00000, 0x000000008fc00000|  0%| F|  |TAMS 0x000000008fb00000, 0x000000008fb00000| Untracked 
| 188|0x000000008fc00000, 0x000000008fc00000, 0x000000008fd00000|  0%| F|  |TAMS 0x000000008fc00000, 0x000000008fc00000| Untracked 
| 189|0x000000008fd00000, 0x000000008fd00000, 0x000000008fe00000|  0%| F|  |TAMS 0x000000008fd00000, 0x000000008fd00000| Untracked 
| 190|0x000000008fe00000, 0x000000008fe00000, 0x000000008ff00000|  0%| F|  |TAMS 0x000000008fe00000, 0x000000008fe00000| Untracked 
| 191|0x000000008ff00000, 0x000000008ff00000, 0x0000000090000000|  0%| F|  |TAMS 0x000000008ff00000, 0x000000008ff00000| Untracked 
| 192|0x0000000090000000, 0x0000000090000000, 0x0000000090100000|  0%| F|  |TAMS 0x0000000090000000, 0x0000000090000000| Untracked 
| 193|0x0000000090100000, 0x0000000090100000, 0x0000000090200000|  0%| F|  |TAMS 0x0000000090100000, 0x0000000090100000| Untracked 
| 194|0x0000000090200000, 0x0000000090200000, 0x0000000090300000|  0%| F|  |TAMS 0x0000000090200000, 0x0000000090200000| Untracked 
| 195|0x0000000090300000, 0x0000000090300000, 0x0000000090400000|  0%| F|  |TAMS 0x0000000090300000, 0x0000000090300000| Untracked 
| 196|0x0000000090400000, 0x0000000090400000, 0x0000000090500000|  0%| F|  |TAMS 0x0000000090400000, 0x0000000090400000| Untracked 
| 197|0x0000000090500000, 0x0000000090500000, 0x0000000090600000|  0%| F|  |TAMS 0x0000000090500000, 0x0000000090500000| Untracked 
| 198|0x0000000090600000, 0x0000000090600000, 0x0000000090700000|  0%| F|  |TAMS 0x0000000090600000, 0x0000000090600000| Untracked 
| 199|0x0000000090700000, 0x0000000090700000, 0x0000000090800000|  0%| F|  |TAMS 0x0000000090700000, 0x0000000090700000| Untracked 
| 200|0x0000000090800000, 0x0000000090800000, 0x0000000090900000|  0%| F|  |TAMS 0x0000000090800000, 0x0000000090800000| Untracked 
| 201|0x0000000090900000, 0x0000000090900000, 0x0000000090a00000|  0%| F|  |TAMS 0x0000000090900000, 0x0000000090900000| Untracked 
| 202|0x0000000090a00000, 0x0000000090a00000, 0x0000000090b00000|  0%| F|  |TAMS 0x0000000090a00000, 0x0000000090a00000| Untracked 
| 203|0x0000000090b00000, 0x0000000090b9e158, 0x0000000090c00000| 61%| E|  |TAMS 0x0000000090b00000, 0x0000000090b00000| Complete 
| 204|0x0000000090c00000, 0x0000000090d00000, 0x0000000090d00000|100%| E|CS|TAMS 0x0000000090c00000, 0x0000000090c00000| Complete 
| 205|0x0000000090d00000, 0x0000000090e00000, 0x0000000090e00000|100%| E|  |TAMS 0x0000000090d00000, 0x0000000090d00000| Complete 
| 206|0x0000000090e00000, 0x0000000090f00000, 0x0000000090f00000|100%| E|CS|TAMS 0x0000000090e00000, 0x0000000090e00000| Complete 
| 207|0x0000000090f00000, 0x0000000091000000, 0x0000000091000000|100%| E|CS|TAMS 0x0000000090f00000, 0x0000000090f00000| Complete 
| 208|0x0000000091000000, 0x0000000091100000, 0x0000000091100000|100%| E|CS|TAMS 0x0000000091000000, 0x0000000091000000| Complete 
| 209|0x0000000091100000, 0x0000000091200000, 0x0000000091200000|100%| E|CS|TAMS 0x0000000091100000, 0x0000000091100000| Complete 
| 210|0x0000000091200000, 0x0000000091300000, 0x0000000091300000|100%| E|CS|TAMS 0x0000000091200000, 0x0000000091200000| Complete 
| 211|0x0000000091300000, 0x0000000091400000, 0x0000000091400000|100%| E|CS|TAMS 0x0000000091300000, 0x0000000091300000| Complete 
| 212|0x0000000091400000, 0x0000000091500000, 0x0000000091500000|100%| E|CS|TAMS 0x0000000091400000, 0x0000000091400000| Complete 
| 213|0x0000000091500000, 0x0000000091600000, 0x0000000091600000|100%| E|CS|TAMS 0x0000000091500000, 0x0000000091500000| Complete 
| 214|0x0000000091600000, 0x0000000091700000, 0x0000000091700000|100%| E|CS|TAMS 0x0000000091600000, 0x0000000091600000| Complete 
| 215|0x0000000091700000, 0x0000000091800000, 0x0000000091800000|100%| E|CS|TAMS 0x0000000091700000, 0x0000000091700000| Complete 
| 216|0x0000000091800000, 0x0000000091900000, 0x0000000091900000|100%| E|CS|TAMS 0x0000000091800000, 0x0000000091800000| Complete 
| 217|0x0000000091900000, 0x0000000091a00000, 0x0000000091a00000|100%| E|CS|TAMS 0x0000000091900000, 0x0000000091900000| Complete 
| 218|0x0000000091a00000, 0x0000000091b00000, 0x0000000091b00000|100%| E|CS|TAMS 0x0000000091a00000, 0x0000000091a00000| Complete 
| 219|0x0000000091b00000, 0x0000000091c00000, 0x0000000091c00000|100%| E|CS|TAMS 0x0000000091b00000, 0x0000000091b00000| Complete 
| 220|0x0000000091c00000, 0x0000000091d00000, 0x0000000091d00000|100%| E|CS|TAMS 0x0000000091c00000, 0x0000000091c00000| Complete 
| 221|0x0000000091d00000, 0x0000000091e00000, 0x0000000091e00000|100%| E|CS|TAMS 0x0000000091d00000, 0x0000000091d00000| Complete 
| 222|0x0000000091e00000, 0x0000000091f00000, 0x0000000091f00000|100%| E|CS|TAMS 0x0000000091e00000, 0x0000000091e00000| Complete 
| 223|0x0000000091f00000, 0x0000000092000000, 0x0000000092000000|100%| E|CS|TAMS 0x0000000091f00000, 0x0000000091f00000| Complete 
| 224|0x0000000092000000, 0x0000000092100000, 0x0000000092100000|100%| E|CS|TAMS 0x0000000092000000, 0x0000000092000000| Complete 
| 225|0x0000000092100000, 0x0000000092200000, 0x0000000092200000|100%| E|CS|TAMS 0x0000000092100000, 0x0000000092100000| Complete 
| 226|0x0000000092200000, 0x0000000092300000, 0x0000000092300000|100%| E|CS|TAMS 0x0000000092200000, 0x0000000092200000| Complete 
| 227|0x0000000092300000, 0x0000000092400000, 0x0000000092400000|100%| E|CS|TAMS 0x0000000092300000, 0x0000000092300000| Complete 
| 228|0x0000000092400000, 0x0000000092500000, 0x0000000092500000|100%| E|CS|TAMS 0x0000000092400000, 0x0000000092400000| Complete 
| 229|0x0000000092500000, 0x0000000092600000, 0x0000000092600000|100%| E|CS|TAMS 0x0000000092500000, 0x0000000092500000| Complete 
| 230|0x0000000092600000, 0x0000000092700000, 0x0000000092700000|100%| E|CS|TAMS 0x0000000092600000, 0x0000000092600000| Complete 
| 231|0x0000000092700000, 0x0000000092800000, 0x0000000092800000|100%| E|CS|TAMS 0x0000000092700000, 0x0000000092700000| Complete 
| 232|0x0000000092800000, 0x0000000092900000, 0x0000000092900000|100%| E|CS|TAMS 0x0000000092800000, 0x0000000092800000| Complete 
| 233|0x0000000092900000, 0x0000000092a00000, 0x0000000092a00000|100%| E|CS|TAMS 0x0000000092900000, 0x0000000092900000| Complete 
| 234|0x0000000092a00000, 0x0000000092b00000, 0x0000000092b00000|100%| E|CS|TAMS 0x0000000092a00000, 0x0000000092a00000| Complete 
| 235|0x0000000092b00000, 0x0000000092c00000, 0x0000000092c00000|100%| E|CS|TAMS 0x0000000092b00000, 0x0000000092b00000| Complete 
| 236|0x0000000092c00000, 0x0000000092d00000, 0x0000000092d00000|100%| E|CS|TAMS 0x0000000092c00000, 0x0000000092c00000| Complete 
| 237|0x0000000092d00000, 0x0000000092e00000, 0x0000000092e00000|100%| E|CS|TAMS 0x0000000092d00000, 0x0000000092d00000| Complete 
| 238|0x0000000092e00000, 0x0000000092f00000, 0x0000000092f00000|100%| E|CS|TAMS 0x0000000092e00000, 0x0000000092e00000| Complete 
| 239|0x0000000092f00000, 0x0000000093000000, 0x0000000093000000|100%| E|CS|TAMS 0x0000000092f00000, 0x0000000092f00000| Complete 
| 240|0x0000000093000000, 0x0000000093100000, 0x0000000093100000|100%| E|CS|TAMS 0x0000000093000000, 0x0000000093000000| Complete 
| 241|0x0000000093100000, 0x0000000093200000, 0x0000000093200000|100%| E|CS|TAMS 0x0000000093100000, 0x0000000093100000| Complete 
| 242|0x0000000093200000, 0x0000000093300000, 0x0000000093300000|100%| E|CS|TAMS 0x0000000093200000, 0x0000000093200000| Complete 
| 243|0x0000000093300000, 0x0000000093400000, 0x0000000093400000|100%| E|CS|TAMS 0x0000000093300000, 0x0000000093300000| Complete 
| 244|0x0000000093400000, 0x0000000093500000, 0x0000000093500000|100%| E|CS|TAMS 0x0000000093400000, 0x0000000093400000| Complete 
| 245|0x0000000093500000, 0x0000000093600000, 0x0000000093600000|100%| E|CS|TAMS 0x0000000093500000, 0x0000000093500000| Complete 
| 246|0x0000000093600000, 0x0000000093700000, 0x0000000093700000|100%| E|CS|TAMS 0x0000000093600000, 0x0000000093600000| Complete 
| 247|0x0000000093700000, 0x0000000093800000, 0x0000000093800000|100%| E|CS|TAMS 0x0000000093700000, 0x0000000093700000| Complete 
| 248|0x0000000093800000, 0x0000000093900000, 0x0000000093900000|100%| E|CS|TAMS 0x0000000093800000, 0x0000000093800000| Complete 
| 249|0x0000000093900000, 0x0000000093a00000, 0x0000000093a00000|100%| E|CS|TAMS 0x0000000093900000, 0x0000000093900000| Complete 

Card table byte_map: [0x000002347f1e0000,0x000002347f5c0000] _byte_map_base: 0x000002347edc0000

Marking Bits (Prev, Next): (CMBitMap*) 0x000002347680e888, (CMBitMap*) 0x000002347680e8c0
 Prev Bits: [0x000002340f000000, 0x0000023410f00000)
 Next Bits: [0x0000023410f00000, 0x0000023412e00000)

Polling page: 0x0000023475eb0000

Metaspace:

Usage:
  Non-class:     65.82 MB capacity,    63.66 MB ( 97%) used,     1.81 MB (  3%) free+waste,   359.69 KB ( <1%) overhead. 
      Class:      8.79 MB capacity,     7.52 MB ( 85%) used,     1.13 MB ( 13%) free+waste,   152.25 KB (  2%) overhead. 
       Both:     74.61 MB capacity,    71.18 MB ( 95%) used,     2.93 MB (  4%) free+waste,   511.94 KB ( <1%) overhead. 

Virtual space:
  Non-class space:       90.00 MB reserved,      89.42 MB (>99%) committed 
      Class space:        1.00 GB reserved,      11.63 MB (  1%) committed 
             Both:        1.09 GB reserved,     101.05 MB (  9%) committed 

Chunk freelists:
   Non-Class:  2.93 MB
       Class:  352.00 KB
        Both:  3.27 MB

CodeHeap 'non-profiled nmethods': size=120000Kb used=22381Kb max_used=22381Kb free=97618Kb
 bounds [0x0000023407ad0000, 0x00000234090b0000, 0x000002340f000000]
CodeHeap 'profiled nmethods': size=120000Kb used=37155Kb max_used=37155Kb free=82844Kb
 bounds [0x00000234005a0000, 0x0000023402a30000, 0x0000023407ad0000]
CodeHeap 'non-nmethods': size=5760Kb used=1295Kb max_used=1396Kb free=4464Kb
 bounds [0x0000023400000000, 0x0000023400270000, 0x00000234005a0000]
 total_blobs=28749 nmethods=16449 adapters=485
 compilation: enabled
              stopped_count=0, restarted_count=0
 full_count=0

Compilation events (10 events):
Event: 14745.886 Thread 0x000002341521d000 nmethod 20707 0x00000234090aae10 code [0x00000234090aafa0, 0x00000234090ab058]
Event: 14745.913 Thread 0x000002341521d000 20708   !   4       org.apache.catalina.connector.Request::recycleSessionInfo (67 bytes)
Event: 14745.915 Thread 0x000002341521d000 nmethod 20708 0x00000234090ab190 code [0x00000234090ab360, 0x00000234090ab530]
Event: 14745.993 Thread 0x000002341521d000 20709   !   4       com.sun.proxy.$Proxy291::findByIdEnchere (39 bytes)
Event: 14746.004 Thread 0x000002341521d000 nmethod 20709 0x00000234090ab690 code [0x00000234090ab860, 0x00000234090abd28]
Event: 14746.004 Thread 0x000002341521d000 20710       4       org.springframework.data.mapping.context.PersistentPropertyPathFactory$TypeAndPath::equals (49 bytes)
Event: 14746.016 Thread 0x000002341521d000 nmethod 20710 0x00000234090abf90 code [0x00000234090ac140, 0x00000234090ac678]
Event: 14746.087 Thread 0x000002341521d000 20711       4       org.apache.tomcat.util.buf.CharChunk::startsWithIgnoreCase (83 bytes)
Event: 14746.093 Thread 0x000002341521d000 nmethod 20711 0x00000234090ac910 code [0x00000234090acac0, 0x00000234090acef8]
Event: 14746.175 Thread 0x000002341521d000 20712   !   4       org.apache.catalina.connector.CoyoteAdapter::postParseRequest (1106 bytes)

GC Heap History (10 events):
Event: 14736.353 GC heap before
{Heap before GC invocations=653 (full 97):
 garbage-first heap   total 256000K, used 199029K [0x0000000084000000, 0x0000000100000000)
  region size 1024K, 150 young (153600K), 1 survivors (1024K)
 Metaspace       used 72887K, capacity 76404K, committed 103472K, reserved 1140736K
  class space    used 7698K, capacity 9005K, committed 11904K, reserved 1048576K
}
Event: 14736.356 GC heap after
{Heap after GC invocations=654 (full 97):
 garbage-first heap   total 256000K, used 46853K [0x0000000084000000, 0x0000000100000000)
  region size 1024K, 1 young (1024K), 1 survivors (1024K)
 Metaspace       used 72887K, capacity 76404K, committed 103472K, reserved 1140736K
  class space    used 7698K, capacity 9005K, committed 11904K, reserved 1048576K
}
Event: 14738.937 GC heap before
{Heap before GC invocations=655 (full 97):
 garbage-first heap   total 256000K, used 198405K [0x0000000084000000, 0x0000000100000000)
  region size 1024K, 150 young (153600K), 1 survivors (1024K)
 Metaspace       used 72887K, capacity 76404K, committed 103472K, reserved 1140736K
  class space    used 7698K, capacity 9005K, committed 11904K, reserved 1048576K
}
Event: 14738.938 GC heap after
{Heap after GC invocations=656 (full 97):
 garbage-first heap   total 256000K, used 47420K [0x0000000084000000, 0x0000000100000000)
  region size 1024K, 1 young (1024K), 1 survivors (1024K)
 Metaspace       used 72887K, capacity 76404K, committed 103472K, reserved 1140736K
  class space    used 7698K, capacity 9005K, committed 11904K, reserved 1048576K
}
Event: 14741.126 GC heap before
{Heap before GC invocations=656 (full 97):
 garbage-first heap   total 256000K, used 198972K [0x0000000084000000, 0x0000000100000000)
  region size 1024K, 150 young (153600K), 1 survivors (1024K)
 Metaspace       used 72887K, capacity 76404K, committed 103472K, reserved 1140736K
  class space    used 7698K, capacity 9005K, committed 11904K, reserved 1048576K
}
Event: 14741.132 GC heap after
{Heap after GC invocations=657 (full 97):
 garbage-first heap   total 256000K, used 46868K [0x0000000084000000, 0x0000000100000000)
  region size 1024K, 1 young (1024K), 1 survivors (1024K)
 Metaspace       used 72887K, capacity 76404K, committed 103472K, reserved 1140736K
  class space    used 7698K, capacity 9005K, committed 11904K, reserved 1048576K
}
Event: 14743.049 GC heap before
{Heap before GC invocations=658 (full 97):
 garbage-first heap   total 256000K, used 198420K [0x0000000084000000, 0x0000000100000000)
  region size 1024K, 150 young (153600K), 1 survivors (1024K)
 Metaspace       used 72887K, capacity 76404K, committed 103472K, reserved 1140736K
  class space    used 7698K, capacity 9005K, committed 11904K, reserved 1048576K
}
Event: 14743.050 GC heap after
{Heap after GC invocations=659 (full 97):
 garbage-first heap   total 256000K, used 47439K [0x0000000084000000, 0x0000000100000000)
  region size 1024K, 1 young (1024K), 1 survivors (1024K)
 Metaspace       used 72887K, capacity 76404K, committed 103472K, reserved 1140736K
  class space    used 7698K, capacity 9005K, committed 11904K, reserved 1048576K
}
Event: 14745.254 GC heap before
{Heap before GC invocations=659 (full 97):
 garbage-first heap   total 256000K, used 198991K [0x0000000084000000, 0x0000000100000000)
  region size 1024K, 150 young (153600K), 1 survivors (1024K)
 Metaspace       used 72887K, capacity 76404K, committed 103472K, reserved 1140736K
  class space    used 7698K, capacity 9005K, committed 11904K, reserved 1048576K
}
Event: 14745.257 GC heap after
{Heap after GC invocations=660 (full 97):
 garbage-first heap   total 256000K, used 46791K [0x0000000084000000, 0x0000000100000000)
  region size 1024K, 1 young (1024K), 1 survivors (1024K)
 Metaspace       used 72887K, capacity 76404K, committed 103472K, reserved 1140736K
  class space    used 7698K, capacity 9005K, committed 11904K, reserved 1048576K
}

Deoptimization events (10 events):
Event: 14705.109 Thread 0x000002341e028800 Uncommon trap: reason=bimorphic_or_optimized_type_check action=maybe_recompile pc=0x0000023407ca6ed4 method=java.util.HashMap.removeNode(ILjava/lang/Object;Ljava/lang/Object;ZZ)Ljava/util/HashMap$Node; @ 143 c2
Event: 14705.258 Thread 0x000002341e029000 Uncommon trap: reason=class_check action=maybe_recompile pc=0x0000023407fde44c method=org.springframework.util.ConcurrentReferenceHashMap$Segment.doTask(ILjava/lang/Object;Lorg/springframework/util/ConcurrentReferenceHashMap$Task;)Ljava/lang/Object; @ 94 
Event: 14705.258 Thread 0x000002341e029000 Uncommon trap: reason=class_check action=maybe_recompile pc=0x0000023407fde44c method=org.springframework.util.ConcurrentReferenceHashMap$Segment.doTask(ILjava/lang/Object;Lorg/springframework/util/ConcurrentReferenceHashMap$Task;)Ljava/lang/Object; @ 94 
Event: 14705.707 Thread 0x000002341fb2f800 Uncommon trap: reason=unstable_if action=reinterpret pc=0x0000023408bcfdac method=java.util.concurrent.ConcurrentLinkedDeque.linkLast(Ljava/lang/Object;)V @ 94 c2
Event: 14705.707 Thread 0x000002341e023800 Uncommon trap: reason=unstable_if action=reinterpret pc=0x0000023408d361c4 method=java.util.concurrent.ConcurrentLinkedDeque.last()Ljava/util/concurrent/ConcurrentLinkedDeque$Node; @ 24 c2
Event: 14710.662 Thread 0x000002341fb32000 Uncommon trap: reason=unstable_if action=reinterpret pc=0x00000234085d5884 method=java.util.concurrent.ConcurrentLinkedDeque.unlink(Ljava/util/concurrent/ConcurrentLinkedDeque$Node;)V @ 225 c2
Event: 14718.176 Thread 0x000002341e024000 Uncommon trap: reason=profile_predicate action=maybe_recompile pc=0x0000023408ebee3c method=com.sun.crypto.provider.HmacCore.engineInit(Ljava/security/Key;Ljava/security/spec/AlgorithmParameterSpec;)V @ 88 c2
Event: 14718.185 Thread 0x000002341e023800 Uncommon trap: reason=profile_predicate action=maybe_recompile pc=0x0000023408ebee3c method=com.sun.crypto.provider.HmacCore.engineInit(Ljava/security/Key;Ljava/security/spec/AlgorithmParameterSpec;)V @ 88 c2
Event: 14718.195 Thread 0x000002341e025000 Uncommon trap: reason=profile_predicate action=maybe_recompile pc=0x0000023408ebee3c method=com.sun.crypto.provider.HmacCore.engineInit(Ljava/security/Key;Ljava/security/spec/AlgorithmParameterSpec;)V @ 88 c2
Event: 14718.204 Thread 0x000002341fb31000 Uncommon trap: reason=profile_predicate action=maybe_recompile pc=0x0000023408ebee3c method=com.sun.crypto.provider.HmacCore.engineInit(Ljava/security/Key;Ljava/security/spec/AlgorithmParameterSpec;)V @ 88 c2

Classes redefined (0 events):
No events

Internal exceptions (10 events):
Event: 13253.605 Thread 0x000002341fb29000 Exception <a 'java/lang/ClassNotFoundException'{0x0000000087567818}: com/ve/ve/Model/PhotoEnchereCustomizer> (0x0000000087567818) thrown at [t:/workspace/open/src/hotspot/share/classfile/systemDictionary.cpp, line 231]
Event: 13254.019 Thread 0x000002341fb29000 Exception <a 'java/lang/ClassNotFoundException'{0x0000000087e175d8}: java/lang/ObjectCustomizer> (0x0000000087e175d8) thrown at [t:/workspace/open/src/hotspot/share/classfile/systemDictionary.cpp, line 231]
Event: 13254.021 Thread 0x000002341fb29000 Exception <a 'java/lang/ClassNotFoundException'{0x0000000087e2c370}: com/ve/ve/Model/MiserEnchereCustomizer> (0x0000000087e2c370) thrown at [t:/workspace/open/src/hotspot/share/classfile/systemDictionary.cpp, line 231]
Event: 13385.987 Thread 0x000002341fb2f800 Exception <a 'java/lang/ClassNotFoundException'{0x0000000087d77610}: java/lang/ObjectCustomizer> (0x0000000087d77610) thrown at [t:/workspace/open/src/hotspot/share/classfile/systemDictionary.cpp, line 231]
Event: 13385.989 Thread 0x000002341fb2f800 Exception <a 'java/lang/ClassNotFoundException'{0x0000000087d8dd98}: com/ve/ve/Model/ClientCustomizer> (0x0000000087d8dd98) thrown at [t:/workspace/open/src/hotspot/share/classfile/systemDictionary.cpp, line 231]
Event: 13388.831 Thread 0x000002341fb30000 Exception <a 'java/lang/ClassNotFoundException'{0x0000000087ab45b0}: java/lang/ObjectCustomizer> (0x0000000087ab45b0) thrown at [t:/workspace/open/src/hotspot/share/classfile/systemDictionary.cpp, line 231]
Event: 13388.838 Thread 0x000002341fb30000 Exception <a 'java/lang/ClassNotFoundException'{0x0000000087acc250}: com/ve/ve/Model/MesEncheresCustomizer> (0x0000000087acc250) thrown at [t:/workspace/open/src/hotspot/share/classfile/systemDictionary.cpp, line 231]
Event: 13429.188 Thread 0x000002341fb30000 Exception <a 'java/lang/reflect/InvocationTargetException'{0x000000008a803958}> (0x000000008a803958) thrown at [t:/workspace/open/src/hotspot/share/runtime/reflection.cpp, line 1242]
Event: 13429.189 Thread 0x000002341fb30000 Exception <a 'java/lang/reflect/InvocationTargetException'{0x000000008a8041e8}> (0x000000008a8041e8) thrown at [t:/workspace/open/src/hotspot/share/runtime/reflection.cpp, line 1242]
Event: 14702.007 Thread 0x000002341e024000 Implicit null exception at 0x0000023408aeab59 to 0x0000023408aeabc2

Events (10 events):
Event: 14746.152 Thread 0x000002341e022800 DEOPT PACKING pc=0x00000234023e783c sp=0x000000db7f5fbc10
Event: 14746.152 Thread 0x000002341e022800 DEOPT UNPACKING pc=0x000002340003d44e sp=0x000000db7f5fb600 mode 1
Event: 14746.152 Thread 0x000002341e022800 DEOPT PACKING pc=0x0000023408c36fc4 sp=0x000000db7f5fc1d0
Event: 14746.152 Thread 0x000002341e022800 DEOPT UNPACKING pc=0x000002340003d44e sp=0x000000db7f5fb648 mode 1
Event: 14746.205 Thread 0x000002341e026000 DEOPT PACKING pc=0x0000023408e1d280 sp=0x000000db7fafb910
Event: 14746.205 Thread 0x000002341e026000 DEOPT UNPACKING pc=0x000002340003d44e sp=0x000000db7fafada0 mode 1
Event: 14746.205 Thread 0x000002341e026000 DEOPT PACKING pc=0x00000234023e783c sp=0x000000db7fafb9c0
Event: 14746.205 Thread 0x000002341e026000 DEOPT UNPACKING pc=0x000002340003d44e sp=0x000000db7fafb3b0 mode 1
Event: 14746.205 Thread 0x000002341e026000 DEOPT PACKING pc=0x0000023408c36fc4 sp=0x000000db7fafbf80
Event: 14746.205 Thread 0x000002341e026000 DEOPT UNPACKING pc=0x000002340003d44e sp=0x000000db7fafb3f8 mode 1


Dynamic libraries:
0x00007ff7ba4d0000 - 0x00007ff7ba515000 	C:\Program Files (x86)\Java\jdk-11.0.1\bin\java.exe
0x00007ffb6f330000 - 0x00007ffb6f528000 	C:\Windows\SYSTEM32\ntdll.dll
0x00007ffb6d790000 - 0x00007ffb6d84d000 	C:\Windows\System32\KERNEL32.DLL
0x00007ffb6cc80000 - 0x00007ffb6cf4e000 	C:\Windows\System32\KERNELBASE.dll
0x00007ffb6dfd0000 - 0x00007ffb6e170000 	C:\Windows\System32\USER32.dll
0x00007ffb6d250000 - 0x00007ffb6d272000 	C:\Windows\System32\win32u.dll
0x00007ffb6e490000 - 0x00007ffb6e4ba000 	C:\Windows\System32\GDI32.dll
0x00007ffb6d280000 - 0x00007ffb6d38b000 	C:\Windows\System32\gdi32full.dll
0x00007ffb6cbb0000 - 0x00007ffb6cc4d000 	C:\Windows\System32\msvcp_win.dll
0x00007ffb6d000000 - 0x00007ffb6d100000 	C:\Windows\System32\ucrtbase.dll
0x00007ffb433e0000 - 0x00007ffb4367a000 	C:\Windows\WinSxS\amd64_microsoft.windows.common-controls_6595b64144ccf1df_6.0.19041.1110_none_60b5254171f9507e\COMCTL32.dll
0x00007ffb6e7d0000 - 0x00007ffb6e86e000 	C:\Windows\System32\msvcrt.dll
0x00007ffb6e290000 - 0x00007ffb6e2c0000 	C:\Windows\System32\IMM32.DLL
0x00007ffb66950000 - 0x00007ffb66966000 	C:\Program Files (x86)\Java\jdk-11.0.1\bin\vcruntime140.dll
0x00007ffb486b0000 - 0x00007ffb4875a000 	C:\Program Files (x86)\Java\jdk-11.0.1\bin\msvcp140.dll
0x00007ffb24f80000 - 0x00007ffb25ac1000 	C:\Program Files (x86)\Java\jdk-11.0.1\bin\server\jvm.dll
0x00007ffb6e870000 - 0x00007ffb6e91e000 	C:\Windows\System32\ADVAPI32.dll
0x00007ffb6e1f0000 - 0x00007ffb6e28c000 	C:\Windows\System32\sechost.dll
0x00007ffb6d600000 - 0x00007ffb6d725000 	C:\Windows\System32\RPCRT4.dll
0x00007ffb6e7c0000 - 0x00007ffb6e7c8000 	C:\Windows\System32\PSAPI.DLL
0x00007ffb53220000 - 0x00007ffb53229000 	C:\Windows\SYSTEM32\WSOCK32.dll
0x00007ffb56fd0000 - 0x00007ffb56ff7000 	C:\Windows\SYSTEM32\WINMM.dll
0x00007ffb61f20000 - 0x00007ffb61f2a000 	C:\Windows\SYSTEM32\VERSION.dll
0x00007ffb6e420000 - 0x00007ffb6e48b000 	C:\Windows\System32\WS2_32.dll
0x00007ffb6b2d0000 - 0x00007ffb6b2e2000 	C:\Windows\SYSTEM32\kernel.appcore.dll
0x00007ffb346b0000 - 0x00007ffb346c1000 	C:\Program Files (x86)\Java\jdk-11.0.1\bin\verify.dll
0x00007ffb6a6b0000 - 0x00007ffb6a894000 	C:\Windows\SYSTEM32\DBGHELP.DLL
0x00007ffb56e70000 - 0x00007ffb56e9c000 	C:\Windows\SYSTEM32\dbgcore.DLL
0x00007ffb6d100000 - 0x00007ffb6d182000 	C:\Windows\System32\bcryptPrimitives.dll
0x00007ffb2d8e0000 - 0x00007ffb2d908000 	C:\Program Files (x86)\Java\jdk-11.0.1\bin\java.dll
0x00007ffb2d800000 - 0x00007ffb2d837000 	C:\Program Files (x86)\Java\jdk-11.0.1\bin\jdwp.dll
0x00007ffb2d8c0000 - 0x00007ffb2d8d6000 	C:\Program Files (x86)\Java\jdk-11.0.1\bin\zip.dll
0x00007ffb668f0000 - 0x00007ffb668fa000 	C:\Program Files (x86)\Java\jdk-11.0.1\bin\jimage.dll
0x00007ffb6d880000 - 0x00007ffb6dfc3000 	C:\Windows\System32\SHELL32.dll
0x00007ffb6ab20000 - 0x00007ffb6b2b5000 	C:\Windows\SYSTEM32\windows.storage.dll
0x00007ffb6ef30000 - 0x00007ffb6f284000 	C:\Windows\System32\combase.dll
0x00007ffb6c4b0000 - 0x00007ffb6c4e0000 	C:\Windows\SYSTEM32\Wldp.dll
0x00007ffb6e4c0000 - 0x00007ffb6e56d000 	C:\Windows\System32\SHCORE.dll
0x00007ffb6d730000 - 0x00007ffb6d785000 	C:\Windows\System32\shlwapi.dll
0x00007ffb6c990000 - 0x00007ffb6c9af000 	C:\Windows\SYSTEM32\profapi.dll
0x00007ffb49700000 - 0x00007ffb4970a000 	C:\Program Files (x86)\Java\jdk-11.0.1\bin\dt_socket.dll
0x00007ffb6c210000 - 0x00007ffb6c27a000 	C:\Windows\System32\mswsock.dll
0x00007ffb6bf00000 - 0x00007ffb6bfca000 	C:\Windows\SYSTEM32\DNSAPI.dll
0x00007ffb6beb0000 - 0x00007ffb6beeb000 	C:\Windows\SYSTEM32\IPHLPAPI.DLL
0x00007ffb6d850000 - 0x00007ffb6d858000 	C:\Windows\System32\NSI.dll
0x00007ffb5f7f0000 - 0x00007ffb5f870000 	C:\Windows\System32\fwpuclnt.dll
0x00007ffb6cc50000 - 0x00007ffb6cc77000 	C:\Windows\System32\bcrypt.dll
0x00007ffb61670000 - 0x00007ffb6167a000 	C:\Windows\System32\rasadhlp.dll
0x00007ffb2d7e0000 - 0x00007ffb2d7f9000 	C:\Program Files (x86)\Java\jdk-11.0.1\bin\net.dll
0x00007ffb67c90000 - 0x00007ffb67d9a000 	C:\Windows\SYSTEM32\WINHTTP.dll
0x00007ffb2d7c0000 - 0x00007ffb2d7d3000 	C:\Program Files (x86)\Java\jdk-11.0.1\bin\nio.dll
0x00007ffb486a0000 - 0x00007ffb486a9000 	C:\Program Files (x86)\Java\jdk-11.0.1\bin\management.dll
0x00007ffb459f0000 - 0x00007ffb459fc000 	C:\Program Files (x86)\Java\jdk-11.0.1\bin\management_ext.dll
0x00007ffb54200000 - 0x00007ffb54217000 	C:\Windows\system32\napinsp.dll
0x00007ffb541d0000 - 0x00007ffb541eb000 	C:\Windows\system32\pnrpnsp.dll
0x00007ffb54180000 - 0x00007ffb54195000 	C:\Windows\system32\wshbth.dll
0x00007ffb68070000 - 0x00007ffb6808d000 	C:\Windows\system32\NLAapi.dll
0x00007ffb54160000 - 0x00007ffb54172000 	C:\Windows\System32\winrnr.dll
0x00007ffb6c400000 - 0x00007ffb6c418000 	C:\Windows\SYSTEM32\CRYPTSP.dll
0x00007ffb6bb20000 - 0x00007ffb6bb54000 	C:\Windows\system32\rsaenh.dll
0x00007ffb6c950000 - 0x00007ffb6c97e000 	C:\Windows\SYSTEM32\USERENV.dll
0x00007ffb6c420000 - 0x00007ffb6c42c000 	C:\Windows\SYSTEM32\CRYPTBASE.dll
0x00007ffb66270000 - 0x00007ffb66287000 	C:\Windows\SYSTEM32\dhcpcsvc6.DLL
0x00007ffb661f0000 - 0x00007ffb6620d000 	C:\Windows\SYSTEM32\dhcpcsvc.DLL
0x00007ffb43160000 - 0x00007ffb4316d000 	C:\Program Files (x86)\Java\jdk-11.0.1\bin\sunmscapi.dll
0x00007ffb6ca50000 - 0x00007ffb6cba6000 	C:\Windows\System32\CRYPT32.dll
0x00007ffb6c520000 - 0x00007ffb6c547000 	C:\Windows\SYSTEM32\ncrypt.dll
0x00007ffb6c4e0000 - 0x00007ffb6c51b000 	C:\Windows\SYSTEM32\NTASN1.dll
0x00007ffb2d790000 - 0x00007ffb2d7b7000 	C:\Program Files (x86)\Java\jdk-11.0.1\bin\sunec.dll

dbghelp: loaded successfully - version: 4.0.5 - missing functions: none
symbol engine: initialized successfully - sym options: 0x614 - pdb path: .;C:\Program Files (x86)\Java\jdk-11.0.1\bin;C:\Windows\SYSTEM32;C:\Windows\WinSxS\amd64_microsoft.windows.common-controls_6595b64144ccf1df_6.0.19041.1110_none_60b5254171f9507e;C:\Program Files (x86)\Java\jdk-11.0.1\bin\server

VM Arguments:
jvm_args: -agentlib:jdwp=transport=dt_socket,server=n,suspend=y,address=localhost:64445 
java_command: com.ve.ve.VenteEnchere
java_class_path (initial): D:\ITU\GitHub\BackOfficeVenteEnchere\target\classes;C:\Users\USER\.m2\repository\org\springframework\boot\spring-boot-starter-data-mongodb\2.7.3\spring-boot-starter-data-mongodb-2.7.3.jar;C:\Users\USER\.m2\repository\org\springframework\boot\spring-boot-starter\2.7.3\spring-boot-starter-2.7.3.jar;C:\Users\USER\.m2\repository\org\springframework\boot\spring-boot-starter-logging\2.7.3\spring-boot-starter-logging-2.7.3.jar;C:\Users\USER\.m2\repository\ch\qos\logback\logback-classic\1.2.11\logback-classic-1.2.11.jar;C:\Users\USER\.m2\repository\ch\qos\logback\logback-core\1.2.11\logback-core-1.2.11.jar;C:\Users\USER\.m2\repository\org\apache\logging\log4j\log4j-to-slf4j\2.17.2\log4j-to-slf4j-2.17.2.jar;C:\Users\USER\.m2\repository\org\apache\logging\log4j\log4j-api\2.17.2\log4j-api-2.17.2.jar;C:\Users\USER\.m2\repository\org\slf4j\jul-to-slf4j\1.7.36\jul-to-slf4j-1.7.36.jar;C:\Users\USER\.m2\repository\jakarta\annotation\jakarta.annotation-api\1.3.5\jakarta.annotation-api-1.3.5.jar;C:\Users\USER\.m2\repository\org\yaml\snakeyaml\1.30\snakeyaml-1.30.jar;C:\Users\USER\.m2\repository\org\mongodb\mongodb-driver-sync\4.6.1\mongodb-driver-sync-4.6.1.jar;C:\Users\USER\.m2\repository\org\mongodb\bson\4.6.1\bson-4.6.1.jar;C:\Users\USER\.m2\repository\org\mongodb\mongodb-driver-core\4.6.1\mongodb-driver-core-4.6.1.jar;C:\Users\USER\.m2\repository\org\mongodb\bson-record-codec\4.6.1\bson-record-codec-4.6.1.jar;C:\Users\USER\.m2\repository\org\springframework\data\spring-data-mongodb\3.4.2\spring-data-mongodb-3.4.2.jar;C:\Users\USER\.m2\repository\org\springframework\spring-tx\5.3.22\spring-tx-5.3.22.jar;C:\Users\USER\.m2\repository\org\springframework\spring-context\5.3.22\spring-context-5.3.22.jar;C:\Users\USER\.m2\repository\org\springframework\spring-beans\5.3.22\spring-beans-5.3.22.jar;C:\Users\USER\.m2\repository\org\springframework\spring-expression\5.3.22\spring-expression-5.3.22.jar;C:\Users\USER\.m2\repository\org\springframework\data\spring-d
Launcher Type: SUN_STANDARD

[Global flags]
     intx CICompilerCount                          = 4                                         {product} {ergonomic}
     uint ConcGCThreads                            = 2                                         {product} {ergonomic}
     uint G1ConcRefinementThreads                  = 8                                         {product} {ergonomic}
   size_t G1HeapRegionSize                         = 1048576                                   {product} {ergonomic}
    uintx GCDrainStackTargetSize                   = 64                                        {product} {ergonomic}
   size_t InitialHeapSize                          = 130023424                                 {product} {ergonomic}
   size_t MarkStackSize                            = 4194304                                   {product} {ergonomic}
   size_t MaxHeapSize                              = 2080374784                                {product} {ergonomic}
   size_t MaxNewSize                               = 1247805440                                {product} {ergonomic}
   size_t MinHeapDeltaBytes                        = 1048576                                   {product} {ergonomic}
    uintx NonNMethodCodeHeapSize                   = 5835340                                {pd product} {ergonomic}
    uintx NonProfiledCodeHeapSize                  = 122911450                              {pd product} {ergonomic}
    uintx ProfiledCodeHeapSize                     = 122911450                              {pd product} {ergonomic}
    uintx ReservedCodeCacheSize                    = 251658240                              {pd product} {ergonomic}
     bool SegmentedCodeCache                       = true                                      {product} {ergonomic}
     bool UseCompressedClassPointers               = true                                 {lp64_product} {ergonomic}
     bool UseCompressedOops                        = true                                 {lp64_product} {ergonomic}
     bool UseG1GC                                  = true                                      {product} {ergonomic}
     bool UseLargePagesIndividualAllocation        = false                                  {pd product} {ergonomic}

Logging:
Log output configuration:
 #0: stdout all=warning uptime,level,tags
 #1: stderr all=off uptime,level,tags

Environment Variables:
JAVA_HOME=C:\Program Files (x86)\Java\jdk-11.0.1
CLASSPATH=C:\Program Files (x86)\Apache Software Foundation\Tomcat 8.5\lib\servlet-api.jar;.;C:\Program Files (x86)\Java\jdk-11.0.1\lib\ojdbc14.jar;C:\Program Files (x86)\Java\jdk-11.0.1\lib\postgresql-42.4.3.jar;
PATH=C:\Program Files (x86)\Common Files\Oracle\Java\javapath;C:\Ruby31\bin;C:\app\USER\product\11.2.0\dbhome_1\bin;C:\Windows\system32;C:\Windows;C:\Windows\System32\Wbem;C:\Windows\System32\WindowsPowerShell\v1.0\;C:\Windows\System32\OpenSSH\;C:\Program Files\dotnet\;C:\Program Files (x86)\Java\jdk-11.0.1\bin;C:\MinGW\bin;C:\Program Files\Git\cmd;C:\Program Files\nodejs\;C:\UwAmp\bin\php\php-7.0.3;C:\Program Files\Microsoft SQL Server\130\Tools\Binn\;C:\Program Files\Microsoft SQL Server\Client SDK\ODBC\170\Tools\Binn\;C:\Program Files (x86)\Microsoft SQL Server\150\Tools\Binn\;C:\Program Files\Microsoft SQL Server\150\Tools\Binn\;C:\Program Files\Microsoft SQL Server\150\DTS\Binn\;C:\Program Files (x86)\Microsoft SQL Server\150\DTS\Binn\;C:\Program Files\Azure Data Studio\bin;C:\Program Files\Mono\bin;C:\apache-maven-3.8.6\bin;C:\Users\USER\AppData\Local\Programs\Python\Launcher\;C:\Users\USER\AppData\Local\Programs\Python\Python38\Scripts\;C:\Users\USER\AppData\Local\Programs\Python\Python38\;C:\Users\USER\AppData\Local\Microsoft\WindowsApps;C:\Users\USER\AppData\Local\Programs\Microsoft VS Code\bin;C:\Users\USER\AppData\Local\GitHubDesktop\bin;C:\Users\USER\AppData\Roaming\npm;C:\Users\USER\AppData\Local\Programs\mongosh\;C:\Users\USER\.dotnet\tools;C:\Program Files\Azure Data Studio\bin;C:\Program Files\JetBrains\PyCharm Community Edition 2021.2.2\bin;;C:\Program Files\JetBrains\JetBrains Rider 2021.3.3\bin;;
USERNAME=USER
OS=Windows_NT
PROCESSOR_IDENTIFIER=Intel64 Family 6 Model 140 Stepping 1, GenuineIntel



---------------  S Y S T E M  ---------------

OS: Windows 10 , 64 bit Build 19041 (10.0.19041.1889)

CPU:total 8 (initial active 8) (4 cores per cpu, 2 threads per core) family 6 model 140 stepping 1, cmov, cx8, fxsr, mmx, sse, sse2, sse3, ssse3, sse4.1, sse4.2, popcnt, avx, avx2, aes, clmul, erms, 3dnowpref, lzcnt, ht, tsc, tscinvbit, bmi1, bmi2, adx, sha, fma

Memory: 4k page, system-wide physical 7934M (443M free)
TotalPageFile size 25880M (AvailPageFile size 3M)
current process WorkingSet (physical memory assigned to process): 429M, peak: 492M
current process commit charge ("private bytes"): 571M, peak: 613M

vm_info: OpenJDK 64-Bit Server VM (11.0.1+13) for windows-amd64 JRE (11.0.1+13), built on Oct  6 2018 13:18:13 by "mach5one" with MS VC++ 15.5 (VS2017)

END.
